{"message":"Invalid rating 3 supplied","level":"error"}
{"message":"Invalid rating 3 supplied","level":"error"}
{"message":"Invalid rating 2 supplied","level":"error"}
{"message":"Bookmark with id 9744347a-c8d4-43b5-bede-172dbc708b73 created","level":"info"}
{"message":"Bookmark with id 9744347a-c8d4-43b5-bede-172dbc708b73 deleted.","level":"info"}
{"message":"Unauthorized request to path: /","level":"error"}
{"message":"Unauthorized request to path: /","level":"error"}
{"message":"Unauthorized request to path: /","level":"error"}
{"message":"Unauthorized request to path: /","level":"error"}
{"message":"Unauthorized request to path: /","level":"error"}
{"message":"Unauthorized request to path: /","level":"error"}
{"message":"Unauthorized request to path: /","level":"error"}
{"message":"Unauthorized request to path: /","level":"error"}
{"message":"Unauthorized request to path: /","level":"error"}
{"message":"Unauthorized request to path: /","level":"error"}
{"message":"Unauthorized request to path: /","level":"error"}
{"message":"Unauthorized request to path: /","level":"error"}
{"message":"Unauthorized request to path: /","level":"error"}
{"message":"Unauthorized request to path: /","level":"error"}
{"message":"Bookmark with id 123456 not found.","level":"error"}
{"message":"Bookmark with id 123456 not found.","level":"error"}
